<?xml version="1.0" encoding="UTF-8"?>
<testng-results total="3" passed="3" failed="0" skipped="0">
  <reporter-output>
  </reporter-output>
  <suite started-at="2022-08-10T17:53:40Z" name="Suite" finished-at="2022-08-10T17:53:40Z" duration-ms="59">
    <groups>
      <group name="regression">
        <method signature="GroupingConcept.m5()[pri:0, instance:NaveenAutomationLabs.PracticeSession.GroupingConcept@4a3631f8]" name="m5" class="NaveenAutomationLabs.PracticeSession.GroupingConcept"/>
      </group> <!-- regression -->
      <group name="sanity">
        <method signature="GroupingConcept.m1()[pri:0, instance:NaveenAutomationLabs.PracticeSession.GroupingConcept@4a3631f8]" name="m1" class="NaveenAutomationLabs.PracticeSession.GroupingConcept"/>
        <method signature="GroupingConcept.m2()[pri:0, instance:NaveenAutomationLabs.PracticeSession.GroupingConcept@4a3631f8]" name="m2" class="NaveenAutomationLabs.PracticeSession.GroupingConcept"/>
        <method signature="GroupingConcept.m5()[pri:0, instance:NaveenAutomationLabs.PracticeSession.GroupingConcept@4a3631f8]" name="m5" class="NaveenAutomationLabs.PracticeSession.GroupingConcept"/>
      </group> <!-- sanity -->
    </groups>
    <test started-at="2022-08-10T17:53:40Z" name="Test" finished-at="2022-08-10T17:53:40Z" duration-ms="59">
      <class name="NaveenAutomationLabs.PracticeSession.GroupingConcept">
        <test-method signature="m1()[pri:0, instance:NaveenAutomationLabs.PracticeSession.GroupingConcept@4a3631f8]" started-at="2022-08-10T23:23:40Z" name="m1" finished-at="2022-08-10T23:23:40Z" duration-ms="15" status="PASS">
          <reporter-output>
          </reporter-output>
        </test-method> <!-- m1 -->
        <test-method signature="m2()[pri:0, instance:NaveenAutomationLabs.PracticeSession.GroupingConcept@4a3631f8]" started-at="2022-08-10T23:23:40Z" name="m2" finished-at="2022-08-10T23:23:40Z" duration-ms="2" status="PASS">
          <reporter-output>
          </reporter-output>
        </test-method> <!-- m2 -->
        <test-method signature="m5()[pri:0, instance:NaveenAutomationLabs.PracticeSession.GroupingConcept@4a3631f8]" started-at="2022-08-10T23:23:40Z" name="m5" finished-at="2022-08-10T23:23:40Z" duration-ms="3" status="PASS">
          <reporter-output>
          </reporter-output>
        </test-method> <!-- m5 -->
      </class> <!-- NaveenAutomationLabs.PracticeSession.GroupingConcept -->
    </test> <!-- Test -->
  </suite> <!-- Suite -->
</testng-results>
